CRITICAL - 2023-06-12 08:36:23 --> Undefined variable: title
in APPPATH\Views\layout\template.php on line 6.
 1 APPPATH\Views\layout\template.php(6): CodeIgniter\Debug\Exceptions->errorHandler(8, 'Undefined variable: title', 'E:\\Agung\\kuesioner\\app\\Views\\layout\\template.php', 6, [])
 2 SYSTEMPATH\View\View.php(213): include('E:\\Agung\\kuesioner\\app\\Views\\layout\\template.php')
 3 SYSTEMPATH\View\View.php(216): CodeIgniter\View\View->CodeIgniter\View\{closure}()
 4 SYSTEMPATH\Common.php(1184): CodeIgniter\View\View->render('layout/template', [], true)
 5 APPPATH\Controllers\Home.php(9): view('layout/template')
 6 SYSTEMPATH\CodeIgniter.php(934): App\Controllers\Home->index()
 7 SYSTEMPATH\CodeIgniter.php(499): CodeIgniter\CodeIgniter->runController(Object(App\Controllers\Home))
 8 SYSTEMPATH\CodeIgniter.php(368): CodeIgniter\CodeIgniter->handleRequest(null, Object(Config\Cache), false)
 9 FCPATH\index.php(67): CodeIgniter\CodeIgniter->run()
10 SYSTEMPATH\Commands\Server\rewrite.php(47): require_once('E:\\Agung\\kuesioner\\public\\index.php')
CRITICAL - 2023-06-12 16:26:51 --> syntax error, unexpected ','
in APPPATH\Controllers\Pertanyaan.php on line 340.
 1 SYSTEMPATH\Autoloader\Autoloader.php(289): CodeIgniter\Autoloader\Autoloader->includeFile('E:\\Agung\\kuesioner\\app\\Controllers\\Pertanyaan.php')
 2 SYSTEMPATH\Autoloader\Autoloader.php(267): CodeIgniter\Autoloader\Autoloader->loadInNamespace('App\\Controllers\\Pertanyaan')
 3 [internal function]: CodeIgniter\Autoloader\Autoloader->loadClass('App\\Controllers\\Pertanyaan')
 4 [internal function]: spl_autoload_call('App\\Controllers\\Pertanyaan')
 5 SYSTEMPATH\CodeIgniter.php(892): class_exists('\\App\\Controllers\\Pertanyaan', true)
 6 SYSTEMPATH\CodeIgniter.php(486): CodeIgniter\CodeIgniter->startController()
 7 SYSTEMPATH\CodeIgniter.php(368): CodeIgniter\CodeIgniter->handleRequest(null, Object(Config\Cache), false)
 8 FCPATH\index.php(67): CodeIgniter\CodeIgniter->run()
 9 SYSTEMPATH\Commands\Server\rewrite.php(47): require_once('E:\\Agung\\kuesioner\\public\\index.php')
CRITICAL - 2023-06-12 17:00:55 --> Unsupported operand types
in APPPATH\Controllers\Pertanyaan.php on line 344.
 1 SYSTEMPATH\CodeIgniter.php(934): App\Controllers\Pertanyaan->save()
 2 SYSTEMPATH\CodeIgniter.php(499): CodeIgniter\CodeIgniter->runController(Object(App\Controllers\Pertanyaan))
 3 SYSTEMPATH\CodeIgniter.php(368): CodeIgniter\CodeIgniter->handleRequest(null, Object(Config\Cache), false)
 4 FCPATH\index.php(67): CodeIgniter\CodeIgniter->run()
 5 SYSTEMPATH\Commands\Server\rewrite.php(47): require_once('E:\\Agung\\kuesioner\\public\\index.php')
CRITICAL - 2023-06-12 17:01:47 --> Undefined index: serial_number
in APPPATH\Controllers\Pertanyaan.php on line 344.
 1 APPPATH\Controllers\Pertanyaan.php(344): CodeIgniter\Debug\Exceptions->errorHandler(8, 'Undefined index: serial_number', 'E:\\Agung\\kuesioner\\app\\Controllers\\Pertanyaan.php', 344, [...])
 2 SYSTEMPATH\CodeIgniter.php(934): App\Controllers\Pertanyaan->save()
 3 SYSTEMPATH\CodeIgniter.php(499): CodeIgniter\CodeIgniter->runController(Object(App\Controllers\Pertanyaan))
 4 SYSTEMPATH\CodeIgniter.php(368): CodeIgniter\CodeIgniter->handleRequest(null, Object(Config\Cache), false)
 5 FCPATH\index.php(67): CodeIgniter\CodeIgniter->run()
 6 SYSTEMPATH\Commands\Server\rewrite.php(47): require_once('E:\\Agung\\kuesioner\\public\\index.php')
CRITICAL - 2023-06-12 17:03:05 --> Undefined index: serial_number
in APPPATH\Controllers\Pertanyaan.php on line 343.
 1 APPPATH\Controllers\Pertanyaan.php(343): CodeIgniter\Debug\Exceptions->errorHandler(8, 'Undefined index: serial_number', 'E:\\Agung\\kuesioner\\app\\Controllers\\Pertanyaan.php', 343, [...])
 2 SYSTEMPATH\CodeIgniter.php(934): App\Controllers\Pertanyaan->save()
 3 SYSTEMPATH\CodeIgniter.php(499): CodeIgniter\CodeIgniter->runController(Object(App\Controllers\Pertanyaan))
 4 SYSTEMPATH\CodeIgniter.php(368): CodeIgniter\CodeIgniter->handleRequest(null, Object(Config\Cache), false)
 5 FCPATH\index.php(67): CodeIgniter\CodeIgniter->run()
 6 SYSTEMPATH\Commands\Server\rewrite.php(47): require_once('E:\\Agung\\kuesioner\\public\\index.php')
CRITICAL - 2023-06-12 17:04:19 --> Undefined index: serial_number
in APPPATH\Controllers\Pertanyaan.php on line 342.
 1 APPPATH\Controllers\Pertanyaan.php(342): CodeIgniter\Debug\Exceptions->errorHandler(8, 'Undefined index: serial_number', 'E:\\Agung\\kuesioner\\app\\Controllers\\Pertanyaan.php', 342, [...])
 2 SYSTEMPATH\CodeIgniter.php(934): App\Controllers\Pertanyaan->save()
 3 SYSTEMPATH\CodeIgniter.php(499): CodeIgniter\CodeIgniter->runController(Object(App\Controllers\Pertanyaan))
 4 SYSTEMPATH\CodeIgniter.php(368): CodeIgniter\CodeIgniter->handleRequest(null, Object(Config\Cache), false)
 5 FCPATH\index.php(67): CodeIgniter\CodeIgniter->run()
 6 SYSTEMPATH\Commands\Server\rewrite.php(47): require_once('E:\\Agung\\kuesioner\\public\\index.php')
CRITICAL - 2023-06-12 17:05:13 --> Unsupported operand types
in APPPATH\Controllers\Pertanyaan.php on line 345.
 1 SYSTEMPATH\CodeIgniter.php(934): App\Controllers\Pertanyaan->save()
 2 SYSTEMPATH\CodeIgniter.php(499): CodeIgniter\CodeIgniter->runController(Object(App\Controllers\Pertanyaan))
 3 SYSTEMPATH\CodeIgniter.php(368): CodeIgniter\CodeIgniter->handleRequest(null, Object(Config\Cache), false)
 4 FCPATH\index.php(67): CodeIgniter\CodeIgniter->run()
 5 SYSTEMPATH\Commands\Server\rewrite.php(47): require_once('E:\\Agung\\kuesioner\\public\\index.php')
CRITICAL - 2023-06-12 17:07:24 --> Undefined index: serial_number
in APPPATH\Controllers\Pertanyaan.php on line 344.
 1 APPPATH\Controllers\Pertanyaan.php(344): CodeIgniter\Debug\Exceptions->errorHandler(8, 'Undefined index: serial_number', 'E:\\Agung\\kuesioner\\app\\Controllers\\Pertanyaan.php', 344, [...])
 2 SYSTEMPATH\CodeIgniter.php(934): App\Controllers\Pertanyaan->save()
 3 SYSTEMPATH\CodeIgniter.php(499): CodeIgniter\CodeIgniter->runController(Object(App\Controllers\Pertanyaan))
 4 SYSTEMPATH\CodeIgniter.php(368): CodeIgniter\CodeIgniter->handleRequest(null, Object(Config\Cache), false)
 5 FCPATH\index.php(67): CodeIgniter\CodeIgniter->run()
 6 SYSTEMPATH\Commands\Server\rewrite.php(47): require_once('E:\\Agung\\kuesioner\\public\\index.php')
CRITICAL - 2023-06-12 17:07:37 --> Unsupported operand types
in APPPATH\Controllers\Pertanyaan.php on line 344.
 1 SYSTEMPATH\CodeIgniter.php(934): App\Controllers\Pertanyaan->save()
 2 SYSTEMPATH\CodeIgniter.php(499): CodeIgniter\CodeIgniter->runController(Object(App\Controllers\Pertanyaan))
 3 SYSTEMPATH\CodeIgniter.php(368): CodeIgniter\CodeIgniter->handleRequest(null, Object(Config\Cache), false)
 4 FCPATH\index.php(67): CodeIgniter\CodeIgniter->run()
 5 SYSTEMPATH\Commands\Server\rewrite.php(47): require_once('E:\\Agung\\kuesioner\\public\\index.php')
CRITICAL - 2023-06-12 17:09:06 --> Trying to get property 'serial_number' of non-object
in APPPATH\Controllers\Pertanyaan.php on line 344.
 1 APPPATH\Controllers\Pertanyaan.php(344): CodeIgniter\Debug\Exceptions->errorHandler(8, 'Trying to get property \'serial_number\' of non-object', 'E:\\Agung\\kuesioner\\app\\Controllers\\Pertanyaan.php', 344, [...])
 2 SYSTEMPATH\CodeIgniter.php(934): App\Controllers\Pertanyaan->save()
 3 SYSTEMPATH\CodeIgniter.php(499): CodeIgniter\CodeIgniter->runController(Object(App\Controllers\Pertanyaan))
 4 SYSTEMPATH\CodeIgniter.php(368): CodeIgniter\CodeIgniter->handleRequest(null, Object(Config\Cache), false)
 5 FCPATH\index.php(67): CodeIgniter\CodeIgniter->run()
 6 SYSTEMPATH\Commands\Server\rewrite.php(47): require_once('E:\\Agung\\kuesioner\\public\\index.php')
CRITICAL - 2023-06-12 17:37:39 --> Undefined index: user_id
in APPPATH\Controllers\Pertanyaan.php on line 215.
 1 APPPATH\Controllers\Pertanyaan.php(215): CodeIgniter\Debug\Exceptions->errorHandler(8, 'Undefined index: user_id', 'E:\\Agung\\kuesioner\\app\\Controllers\\Pertanyaan.php', 215, [...])
 2 SYSTEMPATH\CodeIgniter.php(934): App\Controllers\Pertanyaan->reloadDatatables()
 3 SYSTEMPATH\CodeIgniter.php(499): CodeIgniter\CodeIgniter->runController(Object(App\Controllers\Pertanyaan))
 4 SYSTEMPATH\CodeIgniter.php(368): CodeIgniter\CodeIgniter->handleRequest(null, Object(Config\Cache), false)
 5 FCPATH\index.php(67): CodeIgniter\CodeIgniter->run()
 6 SYSTEMPATH\Commands\Server\rewrite.php(47): require_once('E:\\Agung\\kuesioner\\public\\index.php')
CRITICAL - 2023-06-12 17:37:45 --> Undefined index: user_id
in APPPATH\Controllers\Pertanyaan.php on line 215.
 1 APPPATH\Controllers\Pertanyaan.php(215): CodeIgniter\Debug\Exceptions->errorHandler(8, 'Undefined index: user_id', 'E:\\Agung\\kuesioner\\app\\Controllers\\Pertanyaan.php', 215, [...])
 2 SYSTEMPATH\CodeIgniter.php(934): App\Controllers\Pertanyaan->reloadDatatables()
 3 SYSTEMPATH\CodeIgniter.php(499): CodeIgniter\CodeIgniter->runController(Object(App\Controllers\Pertanyaan))
 4 SYSTEMPATH\CodeIgniter.php(368): CodeIgniter\CodeIgniter->handleRequest(null, Object(Config\Cache), false)
 5 FCPATH\index.php(67): CodeIgniter\CodeIgniter->run()
 6 SYSTEMPATH\Commands\Server\rewrite.php(47): require_once('E:\\Agung\\kuesioner\\public\\index.php')
CRITICAL - 2023-06-12 18:13:24 --> Undefined index: serial_number
in APPPATH\Controllers\Pertanyaan.php on line 444.
 1 APPPATH\Controllers\Pertanyaan.php(444): CodeIgniter\Debug\Exceptions->errorHandler(8, 'Undefined index: serial_number', 'E:\\Agung\\kuesioner\\app\\Controllers\\Pertanyaan.php', 444, [...])
 2 SYSTEMPATH\CodeIgniter.php(934): App\Controllers\Pertanyaan->changeNumber('12')
 3 SYSTEMPATH\CodeIgniter.php(499): CodeIgniter\CodeIgniter->runController(Object(App\Controllers\Pertanyaan))
 4 SYSTEMPATH\CodeIgniter.php(368): CodeIgniter\CodeIgniter->handleRequest(null, Object(Config\Cache), false)
 5 FCPATH\index.php(67): CodeIgniter\CodeIgniter->run()
 6 SYSTEMPATH\Commands\Server\rewrite.php(47): require_once('E:\\Agung\\kuesioner\\public\\index.php')
CRITICAL - 2023-06-12 18:13:56 --> Undefined index: pertanyaan_id
in APPPATH\Controllers\Pertanyaan.php on line 449.
 1 APPPATH\Controllers\Pertanyaan.php(449): CodeIgniter\Debug\Exceptions->errorHandler(8, 'Undefined index: pertanyaan_id', 'E:\\Agung\\kuesioner\\app\\Controllers\\Pertanyaan.php', 449, [...])
 2 SYSTEMPATH\CodeIgniter.php(934): App\Controllers\Pertanyaan->changeNumber('10')
 3 SYSTEMPATH\CodeIgniter.php(499): CodeIgniter\CodeIgniter->runController(Object(App\Controllers\Pertanyaan))
 4 SYSTEMPATH\CodeIgniter.php(368): CodeIgniter\CodeIgniter->handleRequest(null, Object(Config\Cache), false)
 5 FCPATH\index.php(67): CodeIgniter\CodeIgniter->run()
 6 SYSTEMPATH\Commands\Server\rewrite.php(47): require_once('E:\\Agung\\kuesioner\\public\\index.php')
CRITICAL - 2023-06-12 18:32:09 --> Undefined offset: 0
in APPPATH\Controllers\Pertanyaan.php on line 436.
 1 APPPATH\Controllers\Pertanyaan.php(436): CodeIgniter\Debug\Exceptions->errorHandler(8, 'Undefined offset: 0', 'E:\\Agung\\kuesioner\\app\\Controllers\\Pertanyaan.php', 436, [...])
 2 SYSTEMPATH\CodeIgniter.php(934): App\Controllers\Pertanyaan->changeNumber('14')
 3 SYSTEMPATH\CodeIgniter.php(499): CodeIgniter\CodeIgniter->runController(Object(App\Controllers\Pertanyaan))
 4 SYSTEMPATH\CodeIgniter.php(368): CodeIgniter\CodeIgniter->handleRequest(null, Object(Config\Cache), false)
 5 FCPATH\index.php(67): CodeIgniter\CodeIgniter->run()
 6 SYSTEMPATH\Commands\Server\rewrite.php(47): require_once('E:\\Agung\\kuesioner\\public\\index.php')
CRITICAL - 2023-06-12 18:32:14 --> Undefined offset: 0
in APPPATH\Controllers\Pertanyaan.php on line 436.
 1 APPPATH\Controllers\Pertanyaan.php(436): CodeIgniter\Debug\Exceptions->errorHandler(8, 'Undefined offset: 0', 'E:\\Agung\\kuesioner\\app\\Controllers\\Pertanyaan.php', 436, [...])
 2 SYSTEMPATH\CodeIgniter.php(934): App\Controllers\Pertanyaan->changeNumber('10')
 3 SYSTEMPATH\CodeIgniter.php(499): CodeIgniter\CodeIgniter->runController(Object(App\Controllers\Pertanyaan))
 4 SYSTEMPATH\CodeIgniter.php(368): CodeIgniter\CodeIgniter->handleRequest(null, Object(Config\Cache), false)
 5 FCPATH\index.php(67): CodeIgniter\CodeIgniter->run()
 6 SYSTEMPATH\Commands\Server\rewrite.php(47): require_once('E:\\Agung\\kuesioner\\public\\index.php')
CRITICAL - 2023-06-12 18:32:30 --> Undefined index: pertanyaan_id
in APPPATH\Controllers\Pertanyaan.php on line 436.
 1 APPPATH\Controllers\Pertanyaan.php(436): CodeIgniter\Debug\Exceptions->errorHandler(8, 'Undefined index: pertanyaan_id', 'E:\\Agung\\kuesioner\\app\\Controllers\\Pertanyaan.php', 436, [...])
 2 SYSTEMPATH\CodeIgniter.php(934): App\Controllers\Pertanyaan->changeNumber('14')
 3 SYSTEMPATH\CodeIgniter.php(499): CodeIgniter\CodeIgniter->runController(Object(App\Controllers\Pertanyaan))
 4 SYSTEMPATH\CodeIgniter.php(368): CodeIgniter\CodeIgniter->handleRequest(null, Object(Config\Cache), false)
 5 FCPATH\index.php(67): CodeIgniter\CodeIgniter->run()
 6 SYSTEMPATH\Commands\Server\rewrite.php(47): require_once('E:\\Agung\\kuesioner\\public\\index.php')
